<?xml version="1.0" encoding="UTF-8"?>
<testsuite name="com.aor.numbers.ListFiltererTest" tests="2" skipped="0" failures="0" errors="0" timestamp="2021-12-04T13:05:52" hostname="LAPTOP-RHK1NARG" time="0.007">
  <properties/>
  <testcase name="test1()" classname="com.aor.numbers.ListFiltererTest" time="0.003"/>
  <testcase name="test2()" classname="com.aor.numbers.ListFiltererTest" time="0.003"/>
  <system-out><![CDATA[]]></system-out>
  <system-err><![CDATA[]]></system-err>
</testsuite>
