<?xml version="1.0" encoding="UTF-8"?>
<testsuite name="AlienClientTest" tests="3" skipped="0" failures="0" errors="0" timestamp="2021-12-04T12:44:38" hostname="LAPTOP-RHK1NARG" time="0.048">
  <properties/>
  <testcase name="ferengiStartClosed()" classname="AlienClientTest" time="0.042"/>
  <testcase name="ferengiAlreadyOpened()" classname="AlienClientTest" time="0.002"/>
  <testcase name="romulan()" classname="AlienClientTest" time="0.002"/>
  <system-out><![CDATA[]]></system-out>
  <system-err><![CDATA[]]></system-err>
</testsuite>
